<?xml version="1.0" encoding="utf-8"?><testsuites name="pytest tests"><testsuite name="pytest" errors="0" failures="0" skipped="0" tests="18" time="46.843" timestamp="2026-03-25T14:12:53.213950+00:00" hostname="agent-env-8dec7970-192a-4f33-811f-263027a0b992"><testcase classname="backend.tests.test_admin_actions.TestAdminActions" name="test_admin_make_user_admin" time="1.211" /><testcase classname="backend.tests.test_admin_actions.TestAdminActions" name="test_admin_remove_admin_privileges" time="0.814" /><testcase classname="backend.tests.test_admin_actions.TestAdminActions" name="test_admin_cannot_demote_self" time="0.258" /><testcase classname="backend.tests.test_admin_actions.TestAdminActions" name="test_toggle_role_nonexistent_user" time="0.106" /><testcase classname="backend.tests.test_admin_actions.TestAdminActions" name="test_admin_delete_user" time="0.663" /><testcase classname="backend.tests.test_admin_actions.TestAdminActions" name="test_admin_cannot_delete_self" time="0.128" /><testcase classname="backend.tests.test_admin_actions.TestAdminActions" name="test_delete_nonexistent_user" time="0.133" /><testcase classname="backend.tests.test_admin_actions.TestAdminActions" name="test_delete_user_cascades_data" time="0.951" /><testcase classname="backend.tests.test_admin_actions.TestAdminActions" name="test_admin_update_agent_name" time="0.907" /><testcase classname="backend.tests.test_admin_actions.TestAdminActions" name="test_admin_update_agent_description" time="0.913" /><testcase classname="backend.tests.test_admin_actions.TestAdminActions" name="test_admin_update_agent_both_fields" time="0.780" /><testcase classname="backend.tests.test_admin_actions.TestAdminActions" name="test_admin_update_agent_no_fields" time="0.823" /><testcase classname="backend.tests.test_admin_actions.TestAdminActions" name="test_update_nonexistent_agent" time="0.147" /><testcase classname="backend.tests.test_admin_actions.TestAdminActions" name="test_admin_delete_agent" time="0.917" /><testcase classname="backend.tests.test_admin_actions.TestAdminActions" name="test_delete_nonexistent_agent" time="0.114" /><testcase classname="backend.tests.test_admin_actions.TestAdminActions" name="test_non_admin_cannot_toggle_role" time="0.564" /><testcase classname="backend.tests.test_admin_actions.TestAdminActions" name="test_non_admin_cannot_delete_user" time="0.548" /><testcase classname="backend.tests.test_admin_actions.TestAdminActions" name="test_non_admin_cannot_update_agent" time="36.817" /></testsuite></testsuites>