<?xml version="1.0" encoding="utf-8"?><testsuites name="pytest tests"><testsuite name="pytest" errors="0" failures="0" skipped="0" tests="9" time="4.436" timestamp="2026-03-27T13:16:00.922187+00:00" hostname="agent-env-8dec7970-192a-4f33-811f-263027a0b992"><testcase classname="tests.test_admin_client_management.TestAdminClientManagement" name="test_admin_verify_access" time="0.521" /><testcase classname="tests.test_admin_client_management.TestAdminClientManagement" name="test_full_setup_creates_user_agents_webhooks" time="0.654" /><testcase classname="tests.test_admin_client_management.TestAdminClientManagement" name="test_full_setup_duplicate_email_returns_409" time="0.790" /><testcase classname="tests.test_admin_client_management.TestAdminClientManagement" name="test_full_setup_validation_errors" time="0.490" /><testcase classname="tests.test_admin_client_management.TestAdminClientManagement" name="test_lookup_user_by_email" time="0.388" /><testcase classname="tests.test_admin_client_management.TestAdminClientManagement" name="test_lookup_user_not_found" time="0.386" /><testcase classname="tests.test_admin_client_management.TestAdminClientManagement" name="test_admin_stats_endpoint" time="0.398" /><testcase classname="tests.test_admin_client_management.TestAdminClientManagement" name="test_admin_users_list" time="0.391" /><testcase classname="tests.test_admin_client_management.TestAdminClientManagement" name="test_admin_agents_list" time="0.401" /></testsuite></testsuites>