<?xml version="1.0" encoding="utf-8"?><testsuites name="pytest tests"><testsuite name="pytest" errors="0" failures="0" skipped="0" tests="17" time="8.530" timestamp="2026-03-27T14:15:24.374739+00:00" hostname="agent-env-8dec7970-192a-4f33-811f-263027a0b992"><testcase classname="tests.test_billing.TestBillingPlan" name="test_get_plan_returns_200" time="0.476" /><testcase classname="tests.test_billing.TestBillingPlan" name="test_get_plan_returns_correct_structure" time="0.395" /><testcase classname="tests.test_billing.TestBillingPlan" name="test_get_plan_returns_usage_stats" time="0.374" /><testcase classname="tests.test_billing.TestBillingPlan" name="test_get_plan_returns_plan_limits" time="0.393" /><testcase classname="tests.test_billing.TestBillingPlan" name="test_get_plan_requires_auth" time="0.430" /><testcase classname="tests.test_billing.TestCheckoutSession" name="test_create_checkout_session_builder_plan" time="0.903" /><testcase classname="tests.test_billing.TestCheckoutSession" name="test_create_checkout_session_platform_plan" time="0.870" /><testcase classname="tests.test_billing.TestCheckoutSession" name="test_create_checkout_session_invalid_plan" time="0.396" /><testcase classname="tests.test_billing.TestCheckoutSession" name="test_create_checkout_session_requires_auth" time="0.471" /><testcase classname="tests.test_billing.TestCheckoutSession" name="test_create_checkout_session_with_custom_urls" time="0.765" /><testcase classname="tests.test_billing.TestPortalSession" name="test_create_portal_session_requires_stripe_customer" time="0.723" /><testcase classname="tests.test_billing.TestPortalSession" name="test_create_portal_session_requires_auth" time="0.441" /><testcase classname="tests.test_billing.TestStripeWebhook" name="test_webhook_requires_signature" time="0.110" /><testcase classname="tests.test_billing.TestStripeWebhook" name="test_webhook_rejects_invalid_signature" time="0.103" /><testcase classname="tests.test_billing.TestPlanLimitsEnforcement" name="test_free_plan_agent_limit_enforced" time="0.527" /><testcase classname="tests.test_billing.TestPlanLimitsEnforcement" name="test_plan_limit_error_includes_details" time="0.671" /><testcase classname="tests.test_billing.TestPlanLimitsOutcomes" name="test_outcome_limit_tracked" time="0.434" /></testsuite></testsuites>