<?xml version="1.0" encoding="utf-8"?><testsuites name="pytest tests"><testsuite name="pytest" errors="0" failures="0" skipped="0" tests="12" time="4.401" timestamp="2026-03-27T13:30:01.729876+00:00" hostname="agent-env-8dec7970-192a-4f33-811f-263027a0b992"><testcase classname="backend.tests.test_blog.TestBlogPublicEndpoints" name="test_list_published_posts" time="0.243" /><testcase classname="backend.tests.test_blog.TestBlogPublicEndpoints" name="test_get_published_post_by_slug" time="0.223" /><testcase classname="backend.tests.test_blog.TestBlogPublicEndpoints" name="test_get_nonexistent_post_returns_404" time="0.111" /><testcase classname="backend.tests.test_blog.TestBlogPublicEndpoints" name="test_rss_feed" time="0.105" /><testcase classname="backend.tests.test_blog.TestBlogAdminEndpoints" name="test_admin_list_all_posts" time="0.505" /><testcase classname="backend.tests.test_blog.TestBlogAdminEndpoints" name="test_admin_create_blog_post" time="0.466" /><testcase classname="backend.tests.test_blog.TestBlogAdminEndpoints" name="test_admin_get_post_by_id" time="0.466" /><testcase classname="backend.tests.test_blog.TestBlogAdminEndpoints" name="test_admin_publish_post" time="0.436" /><testcase classname="backend.tests.test_blog.TestBlogAdminEndpoints" name="test_published_post_appears_in_public_list" time="0.469" /><testcase classname="backend.tests.test_blog.TestBlogAdminEndpoints" name="test_admin_update_post" time="0.438" /><testcase classname="backend.tests.test_blog.TestBlogAdminEndpoints" name="test_admin_delete_post" time="0.792" /><testcase classname="backend.tests.test_blog.TestExistingBlogPost" name="test_existing_post_introduction_to_agent_reputation" time="0.103" /></testsuite></testsuites>