<?xml version="1.0" encoding="utf-8"?><testsuites name="pytest tests"><testsuite name="pytest" errors="0" failures="0" skipped="0" tests="17" time="3.987" timestamp="2026-03-27T04:14:55.443563+00:00" hostname="agent-env-8dec7970-192a-4f33-811f-263027a0b992"><testcase classname="backend.tests.test_feedback_analytics.TestFeedbackSubmission" name="test_submit_feedback_success" time="0.810" /><testcase classname="backend.tests.test_feedback_analytics.TestFeedbackSubmission" name="test_submit_feedback_with_email_override" time="0.180" /><testcase classname="backend.tests.test_feedback_analytics.TestFeedbackSubmission" name="test_submit_feedback_empty_message_fails" time="0.129" /><testcase classname="backend.tests.test_feedback_analytics.TestFeedbackSubmission" name="test_submit_feedback_no_auth_fails" time="0.102" /><testcase classname="backend.tests.test_feedback_analytics.TestFeedbackSubmission" name="test_submit_feedback_long_message" time="0.104" /><testcase classname="backend.tests.test_feedback_analytics.TestClientEvents" name="test_log_dashboard_loaded_event" time="0.675" /><testcase classname="backend.tests.test_feedback_analytics.TestClientEvents" name="test_log_agent_created_event" time="0.103" /><testcase classname="backend.tests.test_feedback_analytics.TestClientEvents" name="test_log_badge_copied_event" time="0.105" /><testcase classname="backend.tests.test_feedback_analytics.TestClientEvents" name="test_log_feedback_opened_event" time="0.114" /><testcase classname="backend.tests.test_feedback_analytics.TestClientEvents" name="test_log_feedback_submitted_event" time="0.110" /><testcase classname="backend.tests.test_feedback_analytics.TestClientEvents" name="test_log_event_empty_name_fails" time="0.123" /><testcase classname="backend.tests.test_feedback_analytics.TestClientEvents" name="test_log_event_no_auth_fails" time="0.101" /><testcase classname="backend.tests.test_feedback_analytics.TestAdminFeedbackViewer" name="test_admin_get_feedback_list" time="0.437" /><testcase classname="backend.tests.test_feedback_analytics.TestAdminFeedbackViewer" name="test_admin_feedback_pagination" time="0.099" /><testcase classname="backend.tests.test_feedback_analytics.TestAdminFeedbackViewer" name="test_admin_feedback_item_structure" time="0.098" /><testcase classname="backend.tests.test_feedback_analytics.TestAdminFeedbackViewer" name="test_non_admin_cannot_access_feedback" time="0.545" /><testcase classname="backend.tests.test_feedback_analytics.TestAdminFeedbackViewer" name="test_unauthenticated_cannot_access_feedback" time="0.102" /></testsuite></testsuites>