<?xml version="1.0" encoding="utf-8"?><testsuites name="pytest tests"><testsuite name="pytest" errors="0" failures="0" skipped="0" tests="11" time="1.886" timestamp="2026-03-27T12:37:24.908141+00:00" hostname="agent-env-8dec7970-192a-4f33-811f-263027a0b992"><testcase classname="backend.tests.test_phase2_features.TestFeatureRequestsAPI" name="test_submit_feature_request_with_all_fields" time="0.310" /><testcase classname="backend.tests.test_phase2_features.TestFeatureRequestsAPI" name="test_submit_feature_request_without_email" time="0.174" /><testcase classname="backend.tests.test_phase2_features.TestFeatureRequestsAPI" name="test_submit_feature_request_empty_title_rejected" time="0.144" /><testcase classname="backend.tests.test_phase2_features.TestFeatureRequestsAPI" name="test_submit_feature_request_empty_description_rejected" time="0.386" /><testcase classname="backend.tests.test_phase2_features.TestFeatureRequestsAPI" name="test_submit_feature_request_missing_title_rejected" time="0.099" /><testcase classname="backend.tests.test_phase2_features.TestFeatureRequestsAPI" name="test_submit_feature_request_missing_description_rejected" time="0.161" /><testcase classname="backend.tests.test_phase2_features.TestFeatureRequestsAPI" name="test_submit_feature_request_invalid_email_rejected" time="0.116" /><testcase classname="backend.tests.test_phase2_features.TestFeatureRequestsAPI" name="test_submit_feature_request_no_auth_required" time="0.153" /><testcase classname="backend.tests.test_phase2_features.TestFeatureRequestsAPI" name="test_submit_feature_request_title_max_length" time="0.097" /><testcase classname="backend.tests.test_phase2_features.TestFeatureRequestsAPI" name="test_submit_feature_request_description_max_length" time="0.105" /><testcase classname="backend.tests.test_phase2_features.TestHealthAndBasicEndpoints" name="test_health_endpoint" time="0.112" /></testsuite></testsuites>