<?xml version="1.0" encoding="utf-8"?><testsuites name="pytest tests"><testsuite name="pytest" errors="0" failures="0" skipped="0" tests="16" time="5.892" timestamp="2026-03-25T01:56:21.743029+00:00" hostname="agent-env-8dec7970-192a-4f33-811f-263027a0b992"><testcase classname="backend.tests.test_validation_errors.TestStandardizedErrorFormat" name="test_login_wrong_password_returns_invalid_credentials" time="0.696" /><testcase classname="backend.tests.test_validation_errors.TestStandardizedErrorFormat" name="test_signup_existing_email_returns_email_already_exists" time="0.454" /><testcase classname="backend.tests.test_validation_errors.TestStandardizedErrorFormat" name="test_get_agent_not_found_returns_agent_not_found_with_details" time="0.474" /><testcase classname="backend.tests.test_validation_errors.TestStandardizedErrorFormat" name="test_create_webhook_invalid_url_returns_invalid_url" time="0.443" /><testcase classname="backend.tests.test_validation_errors.TestValidationErrors" name="test_signup_invalid_email_format" time="0.105" /><testcase classname="backend.tests.test_validation_errors.TestValidationErrors" name="test_signup_short_password" time="0.105" /><testcase classname="backend.tests.test_validation_errors.TestValidationErrors" name="test_signup_missing_email" time="0.126" /><testcase classname="backend.tests.test_validation_errors.TestValidationErrors" name="test_signup_missing_password" time="0.101" /><testcase classname="backend.tests.test_validation_errors.TestValidationErrors" name="test_create_agent_missing_name" time="0.463" /><testcase classname="backend.tests.test_validation_errors.TestValidationErrors" name="test_create_agent_empty_name" time="0.440" /><testcase classname="backend.tests.test_validation_errors.TestAuthenticationErrors" name="test_missing_token_returns_missing_token" time="0.103" /><testcase classname="backend.tests.test_validation_errors.TestAuthenticationErrors" name="test_invalid_token_returns_token_invalid" time="0.132" /><testcase classname="backend.tests.test_validation_errors.TestWebhookValidation" name="test_webhook_duplicate_url_returns_duplicate_webhook_url" time="0.594" /><testcase classname="backend.tests.test_validation_errors.TestWebhookValidation" name="test_webhook_invalid_event_type" time="0.478" /><testcase classname="backend.tests.test_validation_errors.TestOutcomeValidation" name="test_outcome_invalid_result_value" time="0.587" /><testcase classname="backend.tests.test_validation_errors.TestOutcomeValidation" name="test_outcome_invalid_submitter_type" time="0.570" /></testsuite></testsuites>