<?xml version="1.0" encoding="utf-8"?><testsuites name="pytest tests"><testsuite name="pytest" errors="0" failures="0" skipped="0" tests="19" time="10.167" timestamp="2026-03-25T01:32:10.365967+00:00" hostname="agent-env-8dec7970-192a-4f33-811f-263027a0b992"><testcase classname="backend.tests.test_webhooks_email_password.TestHealthCheck" name="test_health_endpoint" time="0.134" /><testcase classname="backend.tests.test_webhooks_email_password.TestSignupWithWelcomeEmail" name="test_signup_creates_user_and_triggers_email" time="0.363" /><testcase classname="backend.tests.test_webhooks_email_password.TestPasswordReset" name="test_password_reset_request_existing_user" time="0.556" /><testcase classname="backend.tests.test_webhooks_email_password.TestPasswordReset" name="test_password_reset_request_nonexistent_user" time="0.137" /><testcase classname="backend.tests.test_webhooks_email_password.TestPasswordReset" name="test_password_reset_confirm_invalid_token" time="0.118" /><testcase classname="backend.tests.test_webhooks_email_password.TestWebhookCRUD" name="test_create_webhook" time="0.477" /><testcase classname="backend.tests.test_webhooks_email_password.TestWebhookCRUD" name="test_list_webhooks" time="0.576" /><testcase classname="backend.tests.test_webhooks_email_password.TestWebhookCRUD" name="test_get_specific_webhook" time="0.575" /><testcase classname="backend.tests.test_webhooks_email_password.TestWebhookCRUD" name="test_get_nonexistent_webhook" time="0.476" /><testcase classname="backend.tests.test_webhooks_email_password.TestWebhookCRUD" name="test_delete_webhook" time="0.687" /><testcase classname="backend.tests.test_webhooks_email_password.TestWebhookCRUD" name="test_delete_nonexistent_webhook" time="0.520" /><testcase classname="backend.tests.test_webhooks_email_password.TestWebhookCRUD" name="test_create_webhook_invalid_url" time="0.476" /><testcase classname="backend.tests.test_webhooks_email_password.TestWebhookCRUD" name="test_create_webhook_invalid_event" time="1.013" /><testcase classname="backend.tests.test_webhooks_email_password.TestWebhookCRUD" name="test_create_duplicate_webhook_url" time="0.573" /><testcase classname="backend.tests.test_webhooks_email_password.TestWebhookTrigger" name="test_outcome_triggers_webhook" time="2.660" /><testcase classname="backend.tests.test_webhooks_email_password.TestWebhookAuthentication" name="test_list_webhooks_requires_auth" time="0.120" /><testcase classname="backend.tests.test_webhooks_email_password.TestWebhookAuthentication" name="test_create_webhook_requires_auth" time="0.108" /><testcase classname="backend.tests.test_webhooks_email_password.TestWebhookAuthentication" name="test_delete_webhook_requires_auth" time="0.118" /><testcase classname="backend.tests.test_webhooks_email_password.TestWebhookLimits" name="test_webhook_url_min_length" time="0.456" /></testsuite></testsuites>