<?xml version="1.0" encoding="utf-8"?><testsuites name="pytest tests"><testsuite name="pytest" errors="0" failures="0" skipped="0" tests="13" time="2.561" timestamp="2026-03-27T13:44:14.023579+00:00" hostname="agent-env-8dec7970-192a-4f33-811f-263027a0b992"><testcase classname="tests.test_sandbox.TestSandboxCredentials" name="test_sandbox_credentials_returns_200" time="0.159" /><testcase classname="tests.test_sandbox.TestSandboxCredentials" name="test_sandbox_credentials_has_api_key" time="0.112" /><testcase classname="tests.test_sandbox.TestSandboxCredentials" name="test_sandbox_credentials_has_masked_key" time="0.110" /><testcase classname="tests.test_sandbox.TestSandboxCredentials" name="test_sandbox_credentials_has_agents" time="0.110" /><testcase classname="tests.test_sandbox.TestSandboxCredentials" name="test_sandbox_agent_has_required_fields" time="0.116" /><testcase classname="tests.test_sandbox.TestSandboxCredentials" name="test_sandbox_agent_is_sandbox_support_bot" time="0.112" /><testcase classname="tests.test_sandbox.TestSandboxCredentials" name="test_sandbox_credentials_has_is_sandbox_flag" time="0.104" /><testcase classname="tests.test_sandbox.TestSandboxCredentials" name="test_sandbox_credentials_has_note" time="0.122" /><testcase classname="tests.test_sandbox.TestSandboxApiKeyUsage" name="test_sandbox_api_key_can_get_agent_score" time="0.236" /><testcase classname="tests.test_sandbox.TestSandboxApiKeyUsage" name="test_sandbox_api_key_can_submit_outcome" time="0.237" /><testcase classname="tests.test_sandbox.TestSandboxApiKeyUsage" name="test_sandbox_api_key_can_list_outcomes" time="0.679" /><testcase classname="tests.test_sandbox.TestSandboxApiKeyUsage" name="test_sandbox_api_key_can_get_badge" time="0.211" /><testcase classname="tests.test_sandbox.TestSandboxRestrictions" name="test_sandbox_cannot_create_new_agent" time="0.223" /></testsuite></testsuites>