<?xml version="1.0" encoding="utf-8"?><testsuites name="pytest tests"><testsuite name="pytest" errors="0" failures="0" skipped="0" tests="17" time="2.058" timestamp="2026-03-27T14:02:12.019234+00:00" hostname="agent-env-8dec7970-192a-4f33-811f-263027a0b992"><testcase classname="backend.tests.test_social_card.TestSocialCardEndpoint" name="test_social_card_returns_valid_svg" time="0.155" /><testcase classname="backend.tests.test_social_card.TestSocialCardEndpoint" name="test_social_card_has_correct_dimensions" time="0.143" /><testcase classname="backend.tests.test_social_card.TestSocialCardEndpoint" name="test_social_card_displays_agent_name" time="0.108" /><testcase classname="backend.tests.test_social_card.TestSocialCardEndpoint" name="test_social_card_displays_tier" time="0.098" /><testcase classname="backend.tests.test_social_card.TestSocialCardEndpoint" name="test_social_card_displays_score" time="0.111" /><testcase classname="backend.tests.test_social_card.TestSocialCardEndpoint" name="test_social_card_displays_success_rate" time="0.121" /><testcase classname="backend.tests.test_social_card.TestSocialCardEndpoint" name="test_social_card_displays_outcomes" time="0.110" /><testcase classname="backend.tests.test_social_card.TestSocialCardEndpoint" name="test_social_card_includes_repledger_branding" time="0.122" /><testcase classname="backend.tests.test_social_card.TestSocialCardEndpoint" name="test_social_card_has_cache_headers" time="0.159" /><testcase classname="backend.tests.test_social_card.TestSocialCardEndpoint" name="test_social_card_404_for_missing_agent" time="0.104" /><testcase classname="backend.tests.test_social_card.TestSocialCardTiers" name="test_unrated_tier_social_card" time="0.105" /><testcase classname="backend.tests.test_social_card.TestSocialCardTiers" name="test_silver_tier_social_card" time="0.107" /><testcase classname="backend.tests.test_social_card.TestSocialCardSVGStructure" name="test_social_card_has_gradient_background" time="0.100" /><testcase classname="backend.tests.test_social_card.TestSocialCardSVGStructure" name="test_social_card_has_grid_pattern" time="0.110" /><testcase classname="backend.tests.test_social_card.TestSocialCardSVGStructure" name="test_social_card_has_tier_glow_effect" time="0.122" /><testcase classname="backend.tests.test_social_card.TestSocialCardSVGStructure" name="test_social_card_has_card_shadows" time="0.110" /><testcase classname="backend.tests.test_social_card.TestSocialCardPublicAccess" name="test_social_card_accessible_without_auth" time="0.128" /></testsuite></testsuites>